                                      1 ;--------------------------------------------------------
                                      2 ; File Created by SDCC : free open source ANSI-C Compiler
                                      3 ; Version 3.8.0 #10562 (Linux)
                                      4 ;--------------------------------------------------------
                                      5 	.module cooperative
                                      6 	.optsdcc -mmcs51 --model-small
                                      7 	
                                      8 ;--------------------------------------------------------
                                      9 ; Public variables in this module
                                     10 ;--------------------------------------------------------
                                     11 	.globl _Bootstrap
                                     12 	.globl _main
                                     13 	.globl _CY
                                     14 	.globl _AC
                                     15 	.globl _F0
                                     16 	.globl _RS1
                                     17 	.globl _RS0
                                     18 	.globl _OV
                                     19 	.globl _F1
                                     20 	.globl _P
                                     21 	.globl _PS
                                     22 	.globl _PT1
                                     23 	.globl _PX1
                                     24 	.globl _PT0
                                     25 	.globl _PX0
                                     26 	.globl _RD
                                     27 	.globl _WR
                                     28 	.globl _T1
                                     29 	.globl _T0
                                     30 	.globl _INT1
                                     31 	.globl _INT0
                                     32 	.globl _TXD
                                     33 	.globl _RXD
                                     34 	.globl _P3_7
                                     35 	.globl _P3_6
                                     36 	.globl _P3_5
                                     37 	.globl _P3_4
                                     38 	.globl _P3_3
                                     39 	.globl _P3_2
                                     40 	.globl _P3_1
                                     41 	.globl _P3_0
                                     42 	.globl _EA
                                     43 	.globl _ES
                                     44 	.globl _ET1
                                     45 	.globl _EX1
                                     46 	.globl _ET0
                                     47 	.globl _EX0
                                     48 	.globl _P2_7
                                     49 	.globl _P2_6
                                     50 	.globl _P2_5
                                     51 	.globl _P2_4
                                     52 	.globl _P2_3
                                     53 	.globl _P2_2
                                     54 	.globl _P2_1
                                     55 	.globl _P2_0
                                     56 	.globl _SM0
                                     57 	.globl _SM1
                                     58 	.globl _SM2
                                     59 	.globl _REN
                                     60 	.globl _TB8
                                     61 	.globl _RB8
                                     62 	.globl _TI
                                     63 	.globl _RI
                                     64 	.globl _P1_7
                                     65 	.globl _P1_6
                                     66 	.globl _P1_5
                                     67 	.globl _P1_4
                                     68 	.globl _P1_3
                                     69 	.globl _P1_2
                                     70 	.globl _P1_1
                                     71 	.globl _P1_0
                                     72 	.globl _TF1
                                     73 	.globl _TR1
                                     74 	.globl _TF0
                                     75 	.globl _TR0
                                     76 	.globl _IE1
                                     77 	.globl _IT1
                                     78 	.globl _IE0
                                     79 	.globl _IT0
                                     80 	.globl _P0_7
                                     81 	.globl _P0_6
                                     82 	.globl _P0_5
                                     83 	.globl _P0_4
                                     84 	.globl _P0_3
                                     85 	.globl _P0_2
                                     86 	.globl _P0_1
                                     87 	.globl _P0_0
                                     88 	.globl _B
                                     89 	.globl _ACC
                                     90 	.globl _PSW
                                     91 	.globl _IP
                                     92 	.globl _P3
                                     93 	.globl _IE
                                     94 	.globl _P2
                                     95 	.globl _SBUF
                                     96 	.globl _SCON
                                     97 	.globl _P1
                                     98 	.globl _TH1
                                     99 	.globl _TH0
                                    100 	.globl _TL1
                                    101 	.globl _TL0
                                    102 	.globl _TMOD
                                    103 	.globl _TCON
                                    104 	.globl _PCON
                                    105 	.globl _DPH
                                    106 	.globl _DPL
                                    107 	.globl _SP
                                    108 	.globl _P0
                                    109 	.globl _TempSP
                                    110 	.globl _Thread3SP
                                    111 	.globl _Thread2SP
                                    112 	.globl _Thread1SP
                                    113 	.globl _Thread0SP
                                    114 	.globl _bitmap
                                    115 	.globl _currentThreadId
                                    116 	.globl _createdThreadId
                                    117 	.globl _ThreadCreate
                                    118 	.globl _ThreadYield
                                    119 	.globl _ThreadExit
                                    120 ;--------------------------------------------------------
                                    121 ; special function registers
                                    122 ;--------------------------------------------------------
                                    123 	.area RSEG    (ABS,DATA)
      000000                        124 	.org 0x0000
                           000080   125 _P0	=	0x0080
                           000081   126 _SP	=	0x0081
                           000082   127 _DPL	=	0x0082
                           000083   128 _DPH	=	0x0083
                           000087   129 _PCON	=	0x0087
                           000088   130 _TCON	=	0x0088
                           000089   131 _TMOD	=	0x0089
                           00008A   132 _TL0	=	0x008a
                           00008B   133 _TL1	=	0x008b
                           00008C   134 _TH0	=	0x008c
                           00008D   135 _TH1	=	0x008d
                           000090   136 _P1	=	0x0090
                           000098   137 _SCON	=	0x0098
                           000099   138 _SBUF	=	0x0099
                           0000A0   139 _P2	=	0x00a0
                           0000A8   140 _IE	=	0x00a8
                           0000B0   141 _P3	=	0x00b0
                           0000B8   142 _IP	=	0x00b8
                           0000D0   143 _PSW	=	0x00d0
                           0000E0   144 _ACC	=	0x00e0
                           0000F0   145 _B	=	0x00f0
                                    146 ;--------------------------------------------------------
                                    147 ; special function bits
                                    148 ;--------------------------------------------------------
                                    149 	.area RSEG    (ABS,DATA)
      000000                        150 	.org 0x0000
                           000080   151 _P0_0	=	0x0080
                           000081   152 _P0_1	=	0x0081
                           000082   153 _P0_2	=	0x0082
                           000083   154 _P0_3	=	0x0083
                           000084   155 _P0_4	=	0x0084
                           000085   156 _P0_5	=	0x0085
                           000086   157 _P0_6	=	0x0086
                           000087   158 _P0_7	=	0x0087
                           000088   159 _IT0	=	0x0088
                           000089   160 _IE0	=	0x0089
                           00008A   161 _IT1	=	0x008a
                           00008B   162 _IE1	=	0x008b
                           00008C   163 _TR0	=	0x008c
                           00008D   164 _TF0	=	0x008d
                           00008E   165 _TR1	=	0x008e
                           00008F   166 _TF1	=	0x008f
                           000090   167 _P1_0	=	0x0090
                           000091   168 _P1_1	=	0x0091
                           000092   169 _P1_2	=	0x0092
                           000093   170 _P1_3	=	0x0093
                           000094   171 _P1_4	=	0x0094
                           000095   172 _P1_5	=	0x0095
                           000096   173 _P1_6	=	0x0096
                           000097   174 _P1_7	=	0x0097
                           000098   175 _RI	=	0x0098
                           000099   176 _TI	=	0x0099
                           00009A   177 _RB8	=	0x009a
                           00009B   178 _TB8	=	0x009b
                           00009C   179 _REN	=	0x009c
                           00009D   180 _SM2	=	0x009d
                           00009E   181 _SM1	=	0x009e
                           00009F   182 _SM0	=	0x009f
                           0000A0   183 _P2_0	=	0x00a0
                           0000A1   184 _P2_1	=	0x00a1
                           0000A2   185 _P2_2	=	0x00a2
                           0000A3   186 _P2_3	=	0x00a3
                           0000A4   187 _P2_4	=	0x00a4
                           0000A5   188 _P2_5	=	0x00a5
                           0000A6   189 _P2_6	=	0x00a6
                           0000A7   190 _P2_7	=	0x00a7
                           0000A8   191 _EX0	=	0x00a8
                           0000A9   192 _ET0	=	0x00a9
                           0000AA   193 _EX1	=	0x00aa
                           0000AB   194 _ET1	=	0x00ab
                           0000AC   195 _ES	=	0x00ac
                           0000AF   196 _EA	=	0x00af
                           0000B0   197 _P3_0	=	0x00b0
                           0000B1   198 _P3_1	=	0x00b1
                           0000B2   199 _P3_2	=	0x00b2
                           0000B3   200 _P3_3	=	0x00b3
                           0000B4   201 _P3_4	=	0x00b4
                           0000B5   202 _P3_5	=	0x00b5
                           0000B6   203 _P3_6	=	0x00b6
                           0000B7   204 _P3_7	=	0x00b7
                           0000B0   205 _RXD	=	0x00b0
                           0000B1   206 _TXD	=	0x00b1
                           0000B2   207 _INT0	=	0x00b2
                           0000B3   208 _INT1	=	0x00b3
                           0000B4   209 _T0	=	0x00b4
                           0000B5   210 _T1	=	0x00b5
                           0000B6   211 _WR	=	0x00b6
                           0000B7   212 _RD	=	0x00b7
                           0000B8   213 _PX0	=	0x00b8
                           0000B9   214 _PT0	=	0x00b9
                           0000BA   215 _PX1	=	0x00ba
                           0000BB   216 _PT1	=	0x00bb
                           0000BC   217 _PS	=	0x00bc
                           0000D0   218 _P	=	0x00d0
                           0000D1   219 _F1	=	0x00d1
                           0000D2   220 _OV	=	0x00d2
                           0000D3   221 _RS0	=	0x00d3
                           0000D4   222 _RS1	=	0x00d4
                           0000D5   223 _F0	=	0x00d5
                           0000D6   224 _AC	=	0x00d6
                           0000D7   225 _CY	=	0x00d7
                                    226 ;--------------------------------------------------------
                                    227 ; overlayable register banks
                                    228 ;--------------------------------------------------------
                                    229 	.area REG_BANK_0	(REL,OVR,DATA)
      000000                        230 	.ds 8
                                    231 ;--------------------------------------------------------
                                    232 ; internal ram data
                                    233 ;--------------------------------------------------------
                                    234 	.area DSEG    (DATA)
                           000030   235 _createdThreadId	=	0x0030
                           000031   236 _currentThreadId	=	0x0031
                           000033   237 _bitmap	=	0x0033
                           000034   238 _Thread0SP	=	0x0034
                           000035   239 _Thread1SP	=	0x0035
                           000036   240 _Thread2SP	=	0x0036
                           000037   241 _Thread3SP	=	0x0037
                           000038   242 _TempSP	=	0x0038
                                    243 ;--------------------------------------------------------
                                    244 ; overlayable items in internal ram 
                                    245 ;--------------------------------------------------------
                                    246 	.area	OSEG    (OVR,DATA)
                                    247 ;--------------------------------------------------------
                                    248 ; indirectly addressable internal ram data
                                    249 ;--------------------------------------------------------
                                    250 	.area ISEG    (DATA)
                                    251 ;--------------------------------------------------------
                                    252 ; absolute internal ram data
                                    253 ;--------------------------------------------------------
                                    254 	.area IABS    (ABS,DATA)
                                    255 	.area IABS    (ABS,DATA)
                                    256 ;--------------------------------------------------------
                                    257 ; bit data
                                    258 ;--------------------------------------------------------
                                    259 	.area BSEG    (BIT)
                                    260 ;--------------------------------------------------------
                                    261 ; paged external ram data
                                    262 ;--------------------------------------------------------
                                    263 	.area PSEG    (PAG,XDATA)
                                    264 ;--------------------------------------------------------
                                    265 ; external ram data
                                    266 ;--------------------------------------------------------
                                    267 	.area XSEG    (XDATA)
                                    268 ;--------------------------------------------------------
                                    269 ; absolute external ram data
                                    270 ;--------------------------------------------------------
                                    271 	.area XABS    (ABS,XDATA)
                                    272 ;--------------------------------------------------------
                                    273 ; external initialized ram data
                                    274 ;--------------------------------------------------------
                                    275 	.area XISEG   (XDATA)
                                    276 	.area HOME    (CODE)
                                    277 	.area GSINIT0 (CODE)
                                    278 	.area GSINIT1 (CODE)
                                    279 	.area GSINIT2 (CODE)
                                    280 	.area GSINIT3 (CODE)
                                    281 	.area GSINIT4 (CODE)
                                    282 	.area GSINIT5 (CODE)
                                    283 	.area GSINIT  (CODE)
                                    284 	.area GSFINAL (CODE)
                                    285 	.area CSEG    (CODE)
                                    286 ;--------------------------------------------------------
                                    287 ; global & static initialisations
                                    288 ;--------------------------------------------------------
                                    289 	.area HOME    (CODE)
                                    290 	.area GSINIT  (CODE)
                                    291 	.area GSFINAL (CODE)
                                    292 	.area GSINIT  (CODE)
                                    293 ;--------------------------------------------------------
                                    294 ; Home
                                    295 ;--------------------------------------------------------
                                    296 	.area HOME    (CODE)
                                    297 	.area HOME    (CODE)
                                    298 ;--------------------------------------------------------
                                    299 ; code
                                    300 ;--------------------------------------------------------
                                    301 	.area CSEG    (CODE)
                                    302 ;------------------------------------------------------------
                                    303 ;Allocation info for local variables in function 'Bootstrap'
                                    304 ;------------------------------------------------------------
                                    305 ;	cooperative.c:125: void Bootstrap(void) {
                                    306 ;	-----------------------------------------
                                    307 ;	 function Bootstrap
                                    308 ;	-----------------------------------------
      000000                        309 _Bootstrap:
                           000007   310 	ar7 = 0x07
                           000006   311 	ar6 = 0x06
                           000005   312 	ar5 = 0x05
                           000004   313 	ar4 = 0x04
                           000003   314 	ar3 = 0x03
                           000002   315 	ar2 = 0x02
                           000001   316 	ar1 = 0x01
                           000000   317 	ar0 = 0x00
                                    318 ;	cooperative.c:138: bitmap = 0x00;
      000000 E4               [12]  319 	clr	a
      000001 F5 33            [12]  320 	mov	_bitmap,a
      000003 F5 34            [12]  321 	mov	(_bitmap + 1),a
                                    322 ;	cooperative.c:139: currentThreadId = ThreadCreate(main);
      000005 90r00r00         [24]  323 	mov	dptr,#_main
      000008 12r00r40         [24]  324 	lcall	_ThreadCreate
      00000B 85 82 31         [24]  325 	mov	_currentThreadId,dpl
                                    326 ;	cooperative.c:140: RESTORESTATE;
      00000E E5 31            [12]  327 	mov	a,_currentThreadId
      000010 FF               [12]  328 	mov	r7,a
      000011 24 FC            [12]  329 	add	a,#0xff - 0x03
      000013 40 20            [24]  330 	jc	00106$
      000015 EF               [12]  331 	mov	a,r7
      000016 2F               [12]  332 	add	a,r7
      000017 90r00r1B         [24]  333 	mov	dptr,#00114$
      00001A 73               [24]  334 	jmp	@a+dptr
      00001B                        335 00114$:
      00001B 80 06            [24]  336 	sjmp	00101$
      00001D 80 09            [24]  337 	sjmp	00102$
      00001F 80 0C            [24]  338 	sjmp	00103$
      000021 80 0F            [24]  339 	sjmp	00104$
      000023                        340 00101$:
      000023 85 34 81         [24]  341 	MOV SP, 0x34 
      000026 80 0D            [24]  342 	sjmp	00106$
      000028                        343 00102$:
      000028 85 35 81         [24]  344 	MOV SP, 0x35 
      00002B 80 08            [24]  345 	sjmp	00106$
      00002D                        346 00103$:
      00002D 85 36 81         [24]  347 	MOV SP, 0x36 
      000030 80 03            [24]  348 	sjmp	00106$
      000032                        349 00104$:
      000032 85 37 81         [24]  350 	MOV SP, 0x37 
      000035                        351 00106$:
      000035 D0 D0            [24]  352 	POP PSW 
      000037 D0 83            [24]  353 	POP DPH 
      000039 D0 82            [24]  354 	POP DPL 
      00003B D0 F0            [24]  355 	POP B 
      00003D D0 E0            [24]  356 	POP ACC 
                                    357 ;	cooperative.c:141: }
      00003F 22               [24]  358 	ret
                                    359 ;------------------------------------------------------------
                                    360 ;Allocation info for local variables in function 'ThreadCreate'
                                    361 ;------------------------------------------------------------
                                    362 ;fp                        Allocated to registers 
                                    363 ;------------------------------------------------------------
                                    364 ;	cooperative.c:149: ThreadId ThreadCreate(FunctionPtr fp) {
                                    365 ;	-----------------------------------------
                                    366 ;	 function ThreadCreate
                                    367 ;	-----------------------------------------
      000040                        368 _ThreadCreate:
                                    369 ;	cooperative.c:194: if((bitmap & 0xFF)==0xFF){
      000040 AE 33            [24]  370 	mov	r6,_bitmap
      000042 E5 34            [12]  371 	mov	a,(_bitmap + 1)
      000044 7F 00            [12]  372 	mov	r7,#0x00
      000046 BE FF 07         [24]  373 	cjne	r6,#0xff,00102$
      000049 BF 00 04         [24]  374 	cjne	r7,#0x00,00102$
                                    375 ;	cooperative.c:195: return -1;
      00004C 75 82 FF         [24]  376 	mov	dpl,#0xff
      00004F 22               [24]  377 	ret
      000050                        378 00102$:
                                    379 ;	cooperative.c:197: TempSP = SP; 
      000050 85 81 38         [24]  380 	mov	_TempSP,_SP
      000053 75 39 00         [24]  381 	mov	(_TempSP + 1),#0x00
                                    382 ;	cooperative.c:198: if((bitmap & 0x01) == 0x00){
      000056 E5 33            [12]  383 	mov	a,_bitmap
      000058 20 E0 0E         [24]  384 	jb	acc.0,00112$
                                    385 ;	cooperative.c:202: __endasm;
      00005B 75 34 3F         [24]  386 	MOV	0x34 , #0x3F
      00005E 43 33 01         [24]  387 	ORL	0X33 ,#0X01
                                    388 ;	cooperative.c:203: createdThreadId = 0;
      000061 75 30 00         [24]  389 	mov	_createdThreadId,#0x00
                                    390 ;	cooperative.c:204: SP = Thread0SP;
      000064 85 34 81         [24]  391 	mov	_SP,_Thread0SP
      000067 80 37            [24]  392 	sjmp	00113$
      000069                        393 00112$:
                                    394 ;	cooperative.c:206: else if((bitmap & 0x02) ==0x00){
      000069 E5 33            [12]  395 	mov	a,_bitmap
      00006B 20 E1 0E         [24]  396 	jb	acc.1,00109$
                                    397 ;	cooperative.c:210: __endasm;
      00006E 75 35 4F         [24]  398 	MOV	0x35 , #0x4F
      000071 43 33 02         [24]  399 	ORL	0X33 ,#0X02
                                    400 ;	cooperative.c:211: createdThreadId = 1;
      000074 75 30 01         [24]  401 	mov	_createdThreadId,#0x01
                                    402 ;	cooperative.c:212: SP = Thread1SP;
      000077 85 35 81         [24]  403 	mov	_SP,_Thread1SP
      00007A 80 24            [24]  404 	sjmp	00113$
      00007C                        405 00109$:
                                    406 ;	cooperative.c:214: else if((bitmap & 0x04) ==0x00){
      00007C E5 33            [12]  407 	mov	a,_bitmap
      00007E 20 E2 0E         [24]  408 	jb	acc.2,00106$
                                    409 ;	cooperative.c:218: __endasm;
      000081 75 36 5F         [24]  410 	MOV	0x36 , #0x5F
      000084 43 33 04         [24]  411 	ORL	0X33 ,#0X04
                                    412 ;	cooperative.c:219: createdThreadId = 2;
      000087 75 30 02         [24]  413 	mov	_createdThreadId,#0x02
                                    414 ;	cooperative.c:220: SP = Thread2SP;
      00008A 85 36 81         [24]  415 	mov	_SP,_Thread2SP
      00008D 80 11            [24]  416 	sjmp	00113$
      00008F                        417 00106$:
                                    418 ;	cooperative.c:222: else if((bitmap & 0x08) ==0x00){
      00008F E5 33            [12]  419 	mov	a,_bitmap
      000091 20 E3 0C         [24]  420 	jb	acc.3,00113$
                                    421 ;	cooperative.c:226: __endasm;
      000094 75 37 6F         [24]  422 	MOV	0x37 , #0x6F
      000097 43 33 08         [24]  423 	ORL	0X33 ,#0X08
                                    424 ;	cooperative.c:227: createdThreadId = 3;
      00009A 75 30 03         [24]  425 	mov	_createdThreadId,#0x03
                                    426 ;	cooperative.c:228: SP = Thread3SP ;
      00009D 85 37 81         [24]  427 	mov	_SP,_Thread3SP
      0000A0                        428 00113$:
                                    429 ;	cooperative.c:238: __endasm;
      0000A0 C0 82            [24]  430 	PUSH	DPL
      0000A2 C0 83            [24]  431 	PUSH	DPH
      0000A4 E5 00            [12]  432 	MOV	A , 0X00
      0000A6 C0 E0            [24]  433 	PUSH	ACC
      0000A8 C0 E0            [24]  434 	PUSH	ACC
      0000AA C0 E0            [24]  435 	PUSH	ACC
      0000AC C0 E0            [24]  436 	PUSH	ACC
                                    437 ;	cooperative.c:239: switch(createdThreadId ){
      0000AE E5 30            [12]  438 	mov	a,_createdThreadId
      0000B0 FF               [12]  439 	mov	r7,a
      0000B1 24 FC            [12]  440 	add	a,#0xff - 0x03
      0000B3 40 40            [24]  441 	jc	00119$
      0000B5 EF               [12]  442 	mov	a,r7
      0000B6 2F               [12]  443 	add	a,r7
                                    444 ;	cooperative.c:240: case 0:
      0000B7 90r00rBB         [24]  445 	mov	dptr,#00153$
      0000BA 73               [24]  446 	jmp	@a+dptr
      0000BB                        447 00153$:
      0000BB 80 06            [24]  448 	sjmp	00114$
      0000BD 80 11            [24]  449 	sjmp	00115$
      0000BF 80 1C            [24]  450 	sjmp	00116$
      0000C1 80 27            [24]  451 	sjmp	00117$
      0000C3                        452 00114$:
                                    453 ;	cooperative.c:244: __endasm;
      0000C3 75 D0 00         [24]  454 	MOV	PSW ,#0X00
      0000C6 C0 D0            [24]  455 	PUSH	PSW
                                    456 ;	cooperative.c:245: Thread0SP=SP; 	
      0000C8 85 81 34         [24]  457 	mov	_Thread0SP,_SP
      0000CB 75 35 00         [24]  458 	mov	(_Thread0SP + 1),#0x00
                                    459 ;	cooperative.c:246: break;
                                    460 ;	cooperative.c:247: case 1:
      0000CE 80 25            [24]  461 	sjmp	00119$
      0000D0                        462 00115$:
                                    463 ;	cooperative.c:251: __endasm;
      0000D0 75 D0 08         [24]  464 	MOV	PSW ,#0X08
      0000D3 C0 D0            [24]  465 	PUSH	PSW
                                    466 ;	cooperative.c:252: Thread1SP=SP; 	
      0000D5 85 81 35         [24]  467 	mov	_Thread1SP,_SP
      0000D8 75 36 00         [24]  468 	mov	(_Thread1SP + 1),#0x00
                                    469 ;	cooperative.c:253: break;
                                    470 ;	cooperative.c:254: case 2:
      0000DB 80 18            [24]  471 	sjmp	00119$
      0000DD                        472 00116$:
                                    473 ;	cooperative.c:258: __endasm;
      0000DD 75 D0 10         [24]  474 	MOV	PSW ,#0X10
      0000E0 C0 D0            [24]  475 	PUSH	PSW
                                    476 ;	cooperative.c:259: Thread2SP=SP; 	
      0000E2 85 81 36         [24]  477 	mov	_Thread2SP,_SP
      0000E5 75 37 00         [24]  478 	mov	(_Thread2SP + 1),#0x00
                                    479 ;	cooperative.c:260: break;
                                    480 ;	cooperative.c:261: case 3:
      0000E8 80 0B            [24]  481 	sjmp	00119$
      0000EA                        482 00117$:
                                    483 ;	cooperative.c:265: __endasm;
      0000EA 75 D0 18         [24]  484 	MOV	PSW ,#0X18
      0000ED C0 D0            [24]  485 	PUSH	PSW
                                    486 ;	cooperative.c:266: Thread3SP=SP;
      0000EF 85 81 37         [24]  487 	mov	_Thread3SP,_SP
      0000F2 75 38 00         [24]  488 	mov	(_Thread3SP + 1),#0x00
                                    489 ;	cooperative.c:270: }
      0000F5                        490 00119$:
                                    491 ;	cooperative.c:271: SP = TempSP;
      0000F5 85 38 81         [24]  492 	mov	_SP,_TempSP
                                    493 ;	cooperative.c:272: return createdThreadId;
      0000F8 85 30 82         [24]  494 	mov	dpl,_createdThreadId
                                    495 ;	cooperative.c:273: }
      0000FB 22               [24]  496 	ret
                                    497 ;------------------------------------------------------------
                                    498 ;Allocation info for local variables in function 'ThreadYield'
                                    499 ;------------------------------------------------------------
                                    500 ;	cooperative.c:284: void ThreadYield(void) {
                                    501 ;	-----------------------------------------
                                    502 ;	 function ThreadYield
                                    503 ;	-----------------------------------------
      0000FC                        504 _ThreadYield:
                                    505 ;	cooperative.c:285: SAVESTATE;
      0000FC C0 E0            [24]  506 	PUSH ACC 
      0000FE C0 F0            [24]  507 	PUSH B 
      000100 C0 82            [24]  508 	PUSH DPL 
      000102 C0 83            [24]  509 	PUSH DPH 
      000104 C0 D0            [24]  510 	PUSH PSW 
      000106 E5 31            [12]  511 	mov	a,_currentThreadId
      000108 FF               [12]  512 	mov	r7,a
      000109 24 FC            [12]  513 	add	a,#0xff - 0x03
      00010B 40 20            [24]  514 	jc	00128$
      00010D EF               [12]  515 	mov	a,r7
      00010E 2F               [12]  516 	add	a,r7
      00010F 90r01r13         [24]  517 	mov	dptr,#00172$
      000112 73               [24]  518 	jmp	@a+dptr
      000113                        519 00172$:
      000113 80 06            [24]  520 	sjmp	00101$
      000115 80 09            [24]  521 	sjmp	00102$
      000117 80 0C            [24]  522 	sjmp	00103$
      000119 80 0F            [24]  523 	sjmp	00104$
      00011B                        524 00101$:
      00011B 85 81 34         [24]  525 	MOV 0x34, SP 
      00011E 80 0D            [24]  526 	sjmp	00128$
      000120                        527 00102$:
      000120 85 81 35         [24]  528 	MOV 0x35, SP 
      000123 80 08            [24]  529 	sjmp	00128$
      000125                        530 00103$:
      000125 85 81 36         [24]  531 	MOV 0x36, SP 
      000128 80 03            [24]  532 	sjmp	00128$
      00012A                        533 00104$:
      00012A 85 81 37         [24]  534 	MOV 0x37, SP 
                                    535 ;	cooperative.c:286: do {
      00012D                        536 00128$:
                                    537 ;	cooperative.c:296: switch (currentThreadId) {
      00012D E5 31            [12]  538 	mov	a,_currentThreadId
      00012F FF               [12]  539 	mov	r7,a
      000130 24 FC            [12]  540 	add	a,#0xff - 0x03
      000132 40 20            [24]  541 	jc	00112$
      000134 EF               [12]  542 	mov	a,r7
      000135 2F               [12]  543 	add	a,r7
                                    544 ;	cooperative.c:297: case 0:
      000136 90r01r3A         [24]  545 	mov	dptr,#00174$
      000139 73               [24]  546 	jmp	@a+dptr
      00013A                        547 00174$:
      00013A 80 06            [24]  548 	sjmp	00107$
      00013C 80 09            [24]  549 	sjmp	00108$
      00013E 80 0C            [24]  550 	sjmp	00109$
      000140 80 0F            [24]  551 	sjmp	00110$
      000142                        552 00107$:
                                    553 ;	cooperative.c:298: currentThreadId = 1;
      000142 75 31 01         [24]  554 	mov	_currentThreadId,#0x01
                                    555 ;	cooperative.c:299: break;
                                    556 ;	cooperative.c:300: case 1:
      000145 80 0D            [24]  557 	sjmp	00112$
      000147                        558 00108$:
                                    559 ;	cooperative.c:301: currentThreadId = 2;
      000147 75 31 02         [24]  560 	mov	_currentThreadId,#0x02
                                    561 ;	cooperative.c:302: break;
                                    562 ;	cooperative.c:303: case 2:
      00014A 80 08            [24]  563 	sjmp	00112$
      00014C                        564 00109$:
                                    565 ;	cooperative.c:304: currentThreadId = 3;
      00014C 75 31 03         [24]  566 	mov	_currentThreadId,#0x03
                                    567 ;	cooperative.c:305: break;
                                    568 ;	cooperative.c:306: case 3:
      00014F 80 03            [24]  569 	sjmp	00112$
      000151                        570 00110$:
                                    571 ;	cooperative.c:307: currentThreadId = 0;
      000151 75 31 00         [24]  572 	mov	_currentThreadId,#0x00
                                    573 ;	cooperative.c:311: }
      000154                        574 00112$:
                                    575 ;	cooperative.c:312: if( (currentThreadId==0) &&  ((bitmap & 0x01)==0x01) ){
      000154 E5 31            [12]  576 	mov	a,_currentThreadId
      000156 70 11            [24]  577 	jnz	00125$
      000158 74 01            [12]  578 	mov	a,#0x01
      00015A 55 33            [12]  579 	anl	a,_bitmap
      00015C FE               [12]  580 	mov	r6,a
      00015D E5 34            [12]  581 	mov	a,(_bitmap + 1)
      00015F 7F 00            [12]  582 	mov	r7,#0x00
      000161 BE 01 05         [24]  583 	cjne	r6,#0x01,00176$
      000164 BF 00 02         [24]  584 	cjne	r7,#0x00,00176$
      000167 80 4A            [24]  585 	sjmp	00130$
      000169                        586 00176$:
                                    587 ;	cooperative.c:313: break;
      000169                        588 00125$:
                                    589 ;	cooperative.c:315: else if((currentThreadId==1) &&  ((bitmap & 0x02)==0x02)){
      000169 74 01            [12]  590 	mov	a,#0x01
      00016B B5 31 11         [24]  591 	cjne	a,_currentThreadId,00121$
      00016E 74 02            [12]  592 	mov	a,#0x02
      000170 55 33            [12]  593 	anl	a,_bitmap
      000172 FE               [12]  594 	mov	r6,a
      000173 E5 34            [12]  595 	mov	a,(_bitmap + 1)
      000175 7F 00            [12]  596 	mov	r7,#0x00
      000177 BE 02 05         [24]  597 	cjne	r6,#0x02,00179$
      00017A BF 00 02         [24]  598 	cjne	r7,#0x00,00179$
      00017D 80 34            [24]  599 	sjmp	00130$
      00017F                        600 00179$:
                                    601 ;	cooperative.c:316: break;
      00017F                        602 00121$:
                                    603 ;	cooperative.c:318: else if((currentThreadId==2) &&  ((bitmap & 0x04)==0x04)){
      00017F 74 02            [12]  604 	mov	a,#0x02
      000181 B5 31 11         [24]  605 	cjne	a,_currentThreadId,00117$
      000184 74 04            [12]  606 	mov	a,#0x04
      000186 55 33            [12]  607 	anl	a,_bitmap
      000188 FE               [12]  608 	mov	r6,a
      000189 E5 34            [12]  609 	mov	a,(_bitmap + 1)
      00018B 7F 00            [12]  610 	mov	r7,#0x00
      00018D BE 04 05         [24]  611 	cjne	r6,#0x04,00182$
      000190 BF 00 02         [24]  612 	cjne	r7,#0x00,00182$
      000193 80 1E            [24]  613 	sjmp	00130$
      000195                        614 00182$:
                                    615 ;	cooperative.c:319: break;
      000195                        616 00117$:
                                    617 ;	cooperative.c:321: else if( (currentThreadId==3) &&  ((bitmap & 0x08)==0x08) ){
      000195 74 03            [12]  618 	mov	a,#0x03
      000197 B5 31 02         [24]  619 	cjne	a,_currentThreadId,00183$
      00019A 80 03            [24]  620 	sjmp	00184$
      00019C                        621 00183$:
      00019C 02r01r2D         [24]  622 	ljmp	00128$
      00019F                        623 00184$:
      00019F 74 08            [12]  624 	mov	a,#0x08
      0001A1 55 33            [12]  625 	anl	a,_bitmap
      0001A3 FE               [12]  626 	mov	r6,a
      0001A4 E5 34            [12]  627 	mov	a,(_bitmap + 1)
      0001A6 7F 00            [12]  628 	mov	r7,#0x00
      0001A8 BE 08 05         [24]  629 	cjne	r6,#0x08,00185$
      0001AB BF 00 02         [24]  630 	cjne	r7,#0x00,00185$
      0001AE 80 03            [24]  631 	sjmp	00186$
      0001B0                        632 00185$:
      0001B0 02r01r2D         [24]  633 	ljmp	00128$
      0001B3                        634 00186$:
                                    635 ;	cooperative.c:325: } while (1);
      0001B3                        636 00130$:
                                    637 ;	cooperative.c:326: RESTORESTATE;
      0001B3 E5 31            [12]  638 	mov	a,_currentThreadId
      0001B5 FF               [12]  639 	mov	r7,a
      0001B6 24 FC            [12]  640 	add	a,#0xff - 0x03
      0001B8 40 20            [24]  641 	jc	00136$
      0001BA EF               [12]  642 	mov	a,r7
      0001BB 2F               [12]  643 	add	a,r7
      0001BC 90r01rC0         [24]  644 	mov	dptr,#00188$
      0001BF 73               [24]  645 	jmp	@a+dptr
      0001C0                        646 00188$:
      0001C0 80 06            [24]  647 	sjmp	00131$
      0001C2 80 09            [24]  648 	sjmp	00132$
      0001C4 80 0C            [24]  649 	sjmp	00133$
      0001C6 80 0F            [24]  650 	sjmp	00134$
      0001C8                        651 00131$:
      0001C8 85 34 81         [24]  652 	MOV SP, 0x34 
      0001CB 80 0D            [24]  653 	sjmp	00136$
      0001CD                        654 00132$:
      0001CD 85 35 81         [24]  655 	MOV SP, 0x35 
      0001D0 80 08            [24]  656 	sjmp	00136$
      0001D2                        657 00133$:
      0001D2 85 36 81         [24]  658 	MOV SP, 0x36 
      0001D5 80 03            [24]  659 	sjmp	00136$
      0001D7                        660 00134$:
      0001D7 85 37 81         [24]  661 	MOV SP, 0x37 
      0001DA                        662 00136$:
      0001DA D0 D0            [24]  663 	POP PSW 
      0001DC D0 83            [24]  664 	POP DPH 
      0001DE D0 82            [24]  665 	POP DPL 
      0001E0 D0 F0            [24]  666 	POP B 
      0001E2 D0 E0            [24]  667 	POP ACC 
                                    668 ;	cooperative.c:327: }
      0001E4 22               [24]  669 	ret
                                    670 ;------------------------------------------------------------
                                    671 ;Allocation info for local variables in function 'ThreadExit'
                                    672 ;------------------------------------------------------------
                                    673 ;	cooperative.c:335: void ThreadExit(void) {
                                    674 ;	-----------------------------------------
                                    675 ;	 function ThreadExit
                                    676 ;	-----------------------------------------
      0001E5                        677 _ThreadExit:
                                    678 ;	cooperative.c:342: RESTORESTATE;
      0001E5 E5 31            [12]  679 	mov	a,_currentThreadId
      0001E7 FF               [12]  680 	mov	r7,a
      0001E8 24 FC            [12]  681 	add	a,#0xff - 0x03
      0001EA 40 20            [24]  682 	jc	00106$
      0001EC EF               [12]  683 	mov	a,r7
      0001ED 2F               [12]  684 	add	a,r7
      0001EE 90r01rF2         [24]  685 	mov	dptr,#00114$
      0001F1 73               [24]  686 	jmp	@a+dptr
      0001F2                        687 00114$:
      0001F2 80 06            [24]  688 	sjmp	00101$
      0001F4 80 09            [24]  689 	sjmp	00102$
      0001F6 80 0C            [24]  690 	sjmp	00103$
      0001F8 80 0F            [24]  691 	sjmp	00104$
      0001FA                        692 00101$:
      0001FA 85 34 81         [24]  693 	MOV SP, 0x34 
      0001FD 80 0D            [24]  694 	sjmp	00106$
      0001FF                        695 00102$:
      0001FF 85 35 81         [24]  696 	MOV SP, 0x35 
      000202 80 08            [24]  697 	sjmp	00106$
      000204                        698 00103$:
      000204 85 36 81         [24]  699 	MOV SP, 0x36 
      000207 80 03            [24]  700 	sjmp	00106$
      000209                        701 00104$:
      000209 85 37 81         [24]  702 	MOV SP, 0x37 
      00020C                        703 00106$:
      00020C D0 D0            [24]  704 	POP PSW 
      00020E D0 83            [24]  705 	POP DPH 
      000210 D0 82            [24]  706 	POP DPL 
      000212 D0 F0            [24]  707 	POP B 
      000214 D0 E0            [24]  708 	POP ACC 
                                    709 ;	cooperative.c:343: }
      000216 22               [24]  710 	ret
                                    711 	.area CSEG    (CODE)
                                    712 	.area CONST   (CODE)
                                    713 	.area XINIT   (CODE)
                                    714 	.area CABS    (ABS,CODE)
